1756163555569	geckodriver	INFO	Listening on 127.0.0.1:44865
1756163555622	mozrunner::runner	INFO	Running command: MOZ_CRASHREPORTER="1" MOZ_CRASHREPORTER_NO_REPORT="1" MOZ_CRASHREPORTER_SHUTDOWN="1" "/usr/bin/firefox" "--m ... te" "--remote-debugging-port" "50169" "--remote-allow-hosts" "localhost" "-no-remote" "-profile" "/tmp/rust_mozprofileseon0c"
Error: Failed to open Wayland display, fallback to X11. WAYLAND_DISPLAY='wayland-0' DISPLAY=':0'
console.warn: services.settings: Ignoring preference override of remote settings server
console.warn: services.settings: Allow by setting MOZ_REMOTE_SETTINGS_DEVTOOLS=1 in the environment
1756163556422	Marionette	INFO	Marionette enabled
ATTENTION: default value of option mesa_glthread overridden by environment.
1756163556583	Marionette	INFO	Listening on port 40785
Read port: 40785
WebDriver BiDi listening on ws://127.0.0.1:50169
1756163556761	RemoteAgent	WARN	TLS certificate errors will be ignored for this session
console.error: ({})
console.warn: LoginRecipes: "Falling back to a synchronous message for: https://shogun.qacoders.dev.br."
console.warn: LoginRecipes: "Falling back to a synchronous message for: https://shogun.qacoders.dev.br."
console.warn: LoginRecipes: "Falling back to a synchronous message for: https://shogun.qacoders.dev.br."
console.error: "update.locale" " file doesn't exist in either the application or GRE directories"
1756163586439	addons.xpi	ERROR	System addon update list error SyntaxError: XMLHttpRequest.open: 'http://%(server)s/dummy-system-addons.xml' is not a valid URL.
JavaScript warning: https://shogun.qacoders.dev.br/_next/static/chunks/60-03acd893cb63adc7.js, line 31: Script terminated by timeout at:
JQ@https://shogun.qacoders.dev.br/_next/static/chunks/60-03acd893cb63adc7.js:31:5485
getSpanJSON@https://shogun.qacoders.dev.br/_next/static/chunks/60-03acd893cb63adc7.js:32:2858
spanToJSON@https://shogun.qacoders.dev.br/_next/static/chunks/60-03acd893cb63adc7.js:34:20943
2859/startIdleSpan/apply/d<@https://shogun.qacoders.dev.br/_next/static/chunks/60-03acd893cb63adc7.js:28:7366
apply@https://shogun.qacoders.dev.br/_next/static/chunks/60-03acd893cb63adc7.js:28:7351
2859/registerBackgroundTabDetection/<@https://shogun.qacoders.dev.br/_next/static/chunks/60-03acd893cb63adc7.js:28:22852
sentryWrapped@https://shogun.qacoders.dev.br/_next/static/chunks/60-03acd893cb63adc7.js:28:4253

1756163676712	Marionette	INFO	Stopped listening on port 40785
