1755904264780	geckodriver	INFO	Listening on 127.0.0.1:54221
1755904264829	mozrunner::runner	INFO	Running command: MOZ_CRASHREPORTER="1" MOZ_CRASHREPORTER_NO_REPORT="1" MOZ_CRASHREPORTER_SHUTDOWN="1" "/usr/bin/firefox" "--m ... te" "--remote-debugging-port" "50505" "--remote-allow-hosts" "localhost" "-no-remote" "-profile" "/tmp/rust_mozprofileJavTpy"
Error: Failed to open Wayland display, fallback to X11. WAYLAND_DISPLAY='wayland-0' DISPLAY=':0'
console.warn: services.settings: Ignoring preference override of remote settings server
console.warn: services.settings: Allow by setting MOZ_REMOTE_SETTINGS_DEVTOOLS=1 in the environment
1755904265456	Marionette	INFO	Marionette enabled
ATTENTION: default value of option mesa_glthread overridden by environment.
1755904265669	Marionette	INFO	Listening on port 39535
WebDriver BiDi listening on ws://127.0.0.1:50505
Read port: 39535
1755904265949	RemoteAgent	WARN	TLS certificate errors will be ignored for this session
console.error: ({})
console.warn: LoginRecipes: "Falling back to a synchronous message for: https://shogun.qacoders.dev.br."
console.warn: LoginRecipes: "Falling back to a synchronous message for: https://shogun.qacoders.dev.br."
console.warn: LoginRecipes: "Falling back to a synchronous message for: https://shogun.qacoders.dev.br."
console.error: "update.locale" " file doesn't exist in either the application or GRE directories"
1755904295464	addons.xpi	ERROR	System addon update list error SyntaxError: XMLHttpRequest.open: 'http://%(server)s/dummy-system-addons.xml' is not a valid URL.
JavaScript warning: https://shogun.qacoders.dev.br/_next/static/chunks/60-03acd893cb63adc7.js, line 34: Script terminated by timeout at:
prepareEvent@https://shogun.qacoders.dev.br/_next/static/chunks/60-03acd893cb63adc7.js:34:14693
prepareReplayEvent@https://shogun.qacoders.dev.br/_next/static/chunks/52774a7f-1c0c9b8220949e68.js:2:434
sendReplayRequest@https://shogun.qacoders.dev.br/_next/static/chunks/52774a7f-1c0c9b8220949e68.js:2:1194
sendReplay@https://shogun.qacoders.dev.br/_next/static/chunks/52774a7f-1c0c9b8220949e68.js:2:2056
_runFlush@https://shogun.qacoders.dev.br/_next/static/chunks/52774a7f-1c0c9b8220949e68.js:2:12735

1755904892664	Marionette	INFO	Stopped listening on port 39535
