1755904234964	geckodriver	INFO	Listening on 127.0.0.1:37673
1755904235012	mozrunner::runner	INFO	Running command: MOZ_CRASHREPORTER="1" MOZ_CRASHREPORTER_NO_REPORT="1" MOZ_CRASHREPORTER_SHUTDOWN="1" "/usr/bin/firefox" "--m ... te" "--remote-debugging-port" "45487" "--remote-allow-hosts" "localhost" "-no-remote" "-profile" "/tmp/rust_mozprofileamxG0Y"
Error: Failed to open Wayland display, fallback to X11. WAYLAND_DISPLAY='wayland-0' DISPLAY=':0'
console.warn: services.settings: Ignoring preference override of remote settings server
console.warn: services.settings: Allow by setting MOZ_REMOTE_SETTINGS_DEVTOOLS=1 in the environment
1755904235627	Marionette	INFO	Marionette enabled
ATTENTION: default value of option mesa_glthread overridden by environment.
1755904235772	Marionette	INFO	Listening on port 39107
Read port: 39107
WebDriver BiDi listening on ws://127.0.0.1:45487
1755904235941	RemoteAgent	WARN	TLS certificate errors will be ignored for this session
console.error: ({})
console.warn: LoginRecipes: "Falling back to a synchronous message for: https://shogun.qacoders.dev.br."
console.warn: LoginRecipes: "Falling back to a synchronous message for: https://shogun.qacoders.dev.br."
console.warn: LoginRecipes: "Falling back to a synchronous message for: https://shogun.qacoders.dev.br."
JavaScript warning: https://shogun.qacoders.dev.br/_next/static/chunks/60-03acd893cb63adc7.js, line 34: Script terminated by timeout at:
FF@https://shogun.qacoders.dev.br/_next/static/chunks/60-03acd893cb63adc7.js:34:19173
getSpanJSON@https://shogun.qacoders.dev.br/_next/static/chunks/60-03acd893cb63adc7.js:32:3082
spanToJSON@https://shogun.qacoders.dev.br/_next/static/chunks/60-03acd893cb63adc7.js:34:20943
2859/startIdleSpan/apply/d<@https://shogun.qacoders.dev.br/_next/static/chunks/60-03acd893cb63adc7.js:28:7366
apply@https://shogun.qacoders.dev.br/_next/static/chunks/60-03acd893cb63adc7.js:28:7351
2859/registerBackgroundTabDetection/<@https://shogun.qacoders.dev.br/_next/static/chunks/60-03acd893cb63adc7.js:28:22852
sentryWrapped@https://shogun.qacoders.dev.br/_next/static/chunks/60-03acd893cb63adc7.js:28:4253

1755904258302	Marionette	INFO	Stopped listening on port 39107
