1756169861163	geckodriver	INFO	Listening on 127.0.0.1:55035
1756169861216	mozrunner::runner	INFO	Running command: MOZ_CRASHREPORTER="1" MOZ_CRASHREPORTER_NO_REPORT="1" MOZ_CRASHREPORTER_SHUTDOWN="1" "/usr/bin/firefox" "--m ... te" "--remote-debugging-port" "34711" "--remote-allow-hosts" "localhost" "-no-remote" "-profile" "/tmp/rust_mozprofileThnDG4"
Error: Failed to open Wayland display, fallback to X11. WAYLAND_DISPLAY='wayland-0' DISPLAY=':0'
console.warn: services.settings: Ignoring preference override of remote settings server
console.warn: services.settings: Allow by setting MOZ_REMOTE_SETTINGS_DEVTOOLS=1 in the environment
1756169861876	Marionette	INFO	Marionette enabled
ATTENTION: default value of option mesa_glthread overridden by environment.
1756169862103	Marionette	INFO	Listening on port 33901
Read port: 33901
WebDriver BiDi listening on ws://127.0.0.1:34711
1756169862199	RemoteAgent	WARN	TLS certificate errors will be ignored for this session
console.error: ({})
console.warn: LoginRecipes: "Falling back to a synchronous message for: https://shogun.qacoders.dev.br."
console.warn: LoginRecipes: "Falling back to a synchronous message for: https://shogun.qacoders.dev.br."
console.warn: LoginRecipes: "Falling back to a synchronous message for: https://shogun.qacoders.dev.br."
JavaScript warning: https://shogun.qacoders.dev.br/_next/static/chunks/60-03acd893cb63adc7.js, line 34: Script terminated by timeout at:
20789/memoBuilder/<@https://shogun.qacoders.dev.br/_next/static/chunks/60-03acd893cb63adc7.js:34:9281
visit@https://shogun.qacoders.dev.br/_next/static/chunks/60-03acd893cb63adc7.js:34:7839
visit@https://shogun.qacoders.dev.br/_next/static/chunks/60-03acd893cb63adc7.js:34:8130
normalize@https://shogun.qacoders.dev.br/_next/static/chunks/60-03acd893cb63adc7.js:34:7228
normalizeEvent@https://shogun.qacoders.dev.br/_next/static/chunks/60-03acd893cb63adc7.js:34:16650
97669/prepareEvent/<@https://shogun.qacoders.dev.br/_next/static/chunks/60-03acd893cb63adc7.js:34:15429
74619/then/</<@https://shogun.qacoders.dev.br/_next/static/chunks/60-03acd893cb63adc7.js:34:26482
74619/_executeHandlers/<@https://shogun.qacoders.dev.br/_next/static/chunks/60-03acd893cb63adc7.js:34:26919
_executeHandlers@https://shogun.qacoders.dev.br/_next/static/chunks/60-03acd893cb63adc7.js:34:26870
74619/then/<@https://shogun.qacoders.dev.br/_next/static/chunks/60-03acd893cb63adc7.js:34:26566
_runExecutor@https://shogun.qacoders.dev.br/_next/static/chunks/60-03acd893cb63adc7.js:34:27232
SyncPromise@https://shogun.qacoders.dev.br/_next/static/chunks/60-03acd893cb63adc7.js:34:26386
then@https://shogun.qacoders.dev.br/_next/static/chunks/60-03acd893cb63adc7.js:34:26419
prepareEvent@https://shogun.qacoders.dev.br/_next/static/chunks/60-03acd893cb63adc7.js:34:15374
prepareReplayEvent@https://shogun.qacoders.dev.br/_next/static/chunks/52774a7f-1c0c9b8220949e68.js:2:434
sendReplayRequest@https://shogun.qacoders.dev.br/_next/static/chunks/52774a7f-1c0c9b8220949e68.js:2:1194
sendReplay@https://shogun.qacoders.dev.br/_next/static/chunks/52774a7f-1c0c9b8220949e68.js:2:2056
_runFlush@https://shogun.qacoders.dev.br/_next/static/chunks/52774a7f-1c0c9b8220949e68.js:2:12735

1756169882565	Marionette	INFO	Stopped listening on port 33901
