1756163499771	geckodriver	INFO	Listening on 127.0.0.1:49379
1756163499818	mozrunner::runner	INFO	Running command: MOZ_CRASHREPORTER="1" MOZ_CRASHREPORTER_NO_REPORT="1" MOZ_CRASHREPORTER_SHUTDOWN="1" "/usr/bin/firefox" "--m ... te" "--remote-debugging-port" "55025" "--remote-allow-hosts" "localhost" "-no-remote" "-profile" "/tmp/rust_mozprofileJfEtVy"
Error: Failed to open Wayland display, fallback to X11. WAYLAND_DISPLAY='wayland-0' DISPLAY=':0'
console.warn: services.settings: Ignoring preference override of remote settings server
console.warn: services.settings: Allow by setting MOZ_REMOTE_SETTINGS_DEVTOOLS=1 in the environment
1756163500430	Marionette	INFO	Marionette enabled
ATTENTION: default value of option mesa_glthread overridden by environment.
1756163500638	Marionette	INFO	Listening on port 32895
WebDriver BiDi listening on ws://127.0.0.1:55025
Read port: 32895
1756163500899	RemoteAgent	WARN	TLS certificate errors will be ignored for this session
console.error: ({})
console.warn: LoginRecipes: "Falling back to a synchronous message for: https://shogun.qacoders.dev.br."
console.warn: LoginRecipes: "Falling back to a synchronous message for: https://shogun.qacoders.dev.br."
console.warn: LoginRecipes: "Falling back to a synchronous message for: https://shogun.qacoders.dev.br."
JavaScript warning: https://shogun.qacoders.dev.br/_next/static/chunks/781-1bb7d3749bc2df6c.js, line 1: Script terminated by timeout at:
j@https://shogun.qacoders.dev.br/_next/static/chunks/781-1bb7d3749bc2df6c.js:1:15123
@https://shogun.qacoders.dev.br/_next/static/chunks/781-1bb7d3749bc2df6c.js:1:29648
79198/onFocus/<@https://shogun.qacoders.dev.br/_next/static/chunks/781-1bb7d3749bc2df6c.js:1:15734
onFocus@https://shogun.qacoders.dev.br/_next/static/chunks/781-1bb7d3749bc2df6c.js:1:15722
@https://shogun.qacoders.dev.br/_next/static/chunks/781-1bb7d3749bc2df6c.js:1:15623
listener@https://shogun.qacoders.dev.br/_next/static/chunks/781-1bb7d3749bc2df6c.js:1:15272
sentryWrapped@https://shogun.qacoders.dev.br/_next/static/chunks/60-03acd893cb63adc7.js:28:4253

1756163518369	Marionette	INFO	Stopped listening on port 32895
