1756163091668	geckodriver	INFO	Listening on 127.0.0.1:50407
1756163091714	mozrunner::runner	INFO	Running command: MOZ_CRASHREPORTER="1" MOZ_CRASHREPORTER_NO_REPORT="1" MOZ_CRASHREPORTER_SHUTDOWN="1" "/usr/bin/firefox" "--m ... te" "--remote-debugging-port" "59897" "--remote-allow-hosts" "localhost" "-no-remote" "-profile" "/tmp/rust_mozprofileRPmp4a"
Error: Failed to open Wayland display, fallback to X11. WAYLAND_DISPLAY='wayland-0' DISPLAY=':0'
console.warn: services.settings: Ignoring preference override of remote settings server
console.warn: services.settings: Allow by setting MOZ_REMOTE_SETTINGS_DEVTOOLS=1 in the environment
1756163092311	Marionette	INFO	Marionette enabled
ATTENTION: default value of option mesa_glthread overridden by environment.
1756163092524	Marionette	INFO	Listening on port 34613
WebDriver BiDi listening on ws://127.0.0.1:59897
Read port: 34613
1756163092776	RemoteAgent	WARN	TLS certificate errors will be ignored for this session
console.error: ({})
console.warn: LoginRecipes: "Falling back to a synchronous message for: https://shogun.qacoders.dev.br."
console.warn: LoginRecipes: "Falling back to a synchronous message for: https://shogun.qacoders.dev.br."
console.warn: LoginRecipes: "Falling back to a synchronous message for: https://shogun.qacoders.dev.br."
console.warn: LoginRecipes: "Falling back to a synchronous message for: https://shogun.qacoders.dev.br."
JavaScript warning: https://shogun.qacoders.dev.br/_next/static/chunks/60-03acd893cb63adc7.js, line 28: Script terminated by timeout at:
isMeasurementValue@https://shogun.qacoders.dev.br/_next/static/chunks/60-03acd893cb63adc7.js:28:8776
_trackNavigator@https://shogun.qacoders.dev.br/_next/static/chunks/60-03acd893cb63adc7.js:28:19880
addPerformanceEntries@https://shogun.qacoders.dev.br/_next/static/chunks/60-03acd893cb63adc7.js:28:15846
beforeSpanEnd@https://shogun.qacoders.dev.br/_next/static/chunks/60-03acd893cb63adc7.js:28:33343
apply@https://shogun.qacoders.dev.br/_next/static/chunks/60-03acd893cb63adc7.js:28:7168
2859/registerBackgroundTabDetection/<@https://shogun.qacoders.dev.br/_next/static/chunks/60-03acd893cb63adc7.js:28:22852
sentryWrapped@https://shogun.qacoders.dev.br/_next/static/chunks/60-03acd893cb63adc7.js:28:4253

1756163113822	Marionette	INFO	Stopped listening on port 34613
